Lesson4/WorkManager/build/intermediates/manifest_merge_blame_file/debug/processDebugMainManifest/manifest-merger-blame-debug-report.txt
1<?xml version="1.0" encoding="utf-8"?>
2<manifest xmlns:android="http://schemas.android.com/apk/res/android"
3    package="ru.mirea.fedorov.lesson4.workmanager"
4    android:versionCode="1"
5    android:versionName="1.0" >
6
7    <uses-sdk
7-->INJECTED
8        android:minSdkVersion="24"
8-->INJECTED
9        android:targetSdkVersion="36" />
9-->INJECTED
10
11    <uses-permission android:name="android.permission.WAKE_LOCK" />
11-->[androidx.work:work-runtime:2.8.1] AndroidManifest.xml:23:5-68
11-->[androidx.work:work-runtime:2.8.1] AndroidManifest.xml:23:22-65
12    <uses-permission android:name="android.permission.ACCESS_NETWORK_STATE" />
12-->[androidx.work:work-runtime:2.8.1] AndroidManifest.xml:24:5-79
12-->[androidx.work:work-runtime:2.8.1] AndroidManifest.xml:24:22-76
13    <uses-permission android:name="android.permission.RECEIVE_BOOT_COMPLETED" />
13-->[androidx.work:work-runtime:2.8.1] AndroidManifest.xml:25:5-81
13-->[androidx.work:work-runtime:2.8.1] AndroidManifest.xml:25:22-78
14    <uses-permission android:name="android.permission.FOREGROUND_SERVICE" />
14-->[androidx.work:work-runtime:2.8.1] AndroidManifest.xml:26:5-77
14-->[androidx.work:work-runtime:2.8.1] AndroidManifest.xml:26:22-74
15
16    <permission
16-->[androidx.core:core:1.18.0] AndroidManifest.xml:22:5-24:47
17        android:name="ru.mirea.fedorov.lesson4.workmanager.DYNAMIC_RECEIVER_NOT_EXPORTED_PERMISSION"
17-->[androidx.core:core:1.18.0] AndroidManifest.xml:23:9-81
18        android:protectionLevel="signature" />
18-->[androidx.core:core:1.18.0] AndroidManifest.xml:24:9-44
19
20    <uses-permission android:name="ru.mirea.fedorov.lesson4.workmanager.DYNAMIC_RECEIVER_NOT_EXPORTED_PERMISSION" />
20-->[androidx.core:core:1.18.0] AndroidManifest.xml:26:5-97
20-->[androidx.core:core:1.18.0] AndroidManifest.xml:26:22-94
21
22    <application
22-->src\main\AndroidManifest.xml:4:5-16:19
23        android:appComponentFactory="androidx.core.app.CoreComponentFactory"
23-->[androidx.core:core:1.18.0] AndroidManifest.xml:28:18-86
24        android:debuggable="true"
25        android:extractNativeLibs="false"
25-->INJECTED
26        android:label="@string/app_name"
26-->src\main\AndroidManifest.xml:5:9-41
27        android:theme="@style/Theme.WorkManagerApp" >
27-->src\main\AndroidManifest.xml:6:9-52
28        <activity
28-->src\main\AndroidManifest.xml:7:9-15:20
29            android:name="ru.mirea.fedorov.lesson4.workmanager.MainActivity"
29-->src\main\AndroidManifest.xml:8:13-41
30            android:exported="true" >
30-->src\main\AndroidManifest.xml:9:13-36
31            <intent-filter>
31-->src\main\AndroidManifest.xml:10:13-14:29
32                <action android:name="android.intent.action.MAIN" />
32-->src\main\AndroidManifest.xml:11:17-69
32-->src\main\AndroidManifest.xml:11:25-66
33
34                <category android:name="android.intent.category.LAUNCHER" />
34-->src\main\AndroidManifest.xml:13:17-77
34-->src\main\AndroidManifest.xml:13:27-74
35            </intent-filter>
36        </activity>
37
38        <provider
38-->[androidx.work:work-runtime:2.8.1] AndroidManifest.xml:29:9-37:20
39            android:name="androidx.startup.InitializationProvider"
39-->[androidx.work:work-runtime:2.8.1] AndroidManifest.xml:30:13-67
40            android:authorities="ru.mirea.fedorov.lesson4.workmanager.androidx-startup"
40-->[androidx.work:work-runtime:2.8.1] AndroidManifest.xml:31:13-68
41            android:exported="false" >
41-->[androidx.work:work-runtime:2.8.1] AndroidManifest.xml:32:13-37
42            <meta-data
42-->[androidx.work:work-runtime:2.8.1] AndroidManifest.xml:34:13-36:52
43                android:name="androidx.work.WorkManagerInitializer"
43-->[androidx.work:work-runtime:2.8.1] AndroidManifest.xml:35:17-68
44                android:value="androidx.startup" />
44-->[androidx.work:work-runtime:2.8.1] AndroidManifest.xml:36:17-49
45            <meta-data
45-->[androidx.emoji2:emoji2:1.3.0] AndroidManifest.xml:29:13-31:52
46                android:name="androidx.emoji2.text.EmojiCompatInitializer"
46-->[androidx.emoji2:emoji2:1.3.0] AndroidManifest.xml:30:17-75
47                android:value="androidx.startup" />
47-->[androidx.emoji2:emoji2:1.3.0] AndroidManifest.xml:31:17-49
48            <meta-data
48-->[androidx.lifecycle:lifecycle-process:2.6.2] AndroidManifest.xml:29:13-31:52
49                android:name="androidx.lifecycle.ProcessLifecycleInitializer"
49-->[androidx.lifecycle:lifecycle-process:2.6.2] AndroidManifest.xml:30:17-78
50                android:value="androidx.startup" />
50-->[androidx.lifecycle:lifecycle-process:2.6.2] AndroidManifest.xml:31:17-49
51            <meta-data
51-->[androidx.profileinstaller:profileinstaller:1.4.0] AndroidManifest.xml:29:13-31:52
52                android:name="androidx.profileinstaller.ProfileInstallerInitializer"
52-->[androidx.profileinstaller:profileinstaller:1.4.0] AndroidManifest.xml:30:17-85
53                android:value="androidx.startup" />
53-->[androidx.profileinstaller:profileinstaller:1.4.0] AndroidManifest.xml:31:17-49
54        </provider>
55
56        <service
56-->[androidx.work:work-runtime:2.8.1] AndroidManifest.xml:39:9-45:35
57            android:name="androidx.work.impl.background.systemalarm.SystemAlarmService"
57-->[androidx.work:work-runtime:2.8.1] AndroidManifest.xml:40:13-88
58            android:directBootAware="false"
58-->[androidx.work:work-runtime:2.8.1] AndroidManifest.xml:41:13-44
59            android:enabled="@bool/enable_system_alarm_service_default"
59-->[androidx.work:work-runtime:2.8.1] AndroidManifest.xml:42:13-72
60            android:exported="false" />
60-->[androidx.work:work-runtime:2.8.1] AndroidManifest.xml:43:13-37
61        <service
61-->[androidx.work:work-runtime:2.8.1] AndroidManifest.xml:46:9-52:35
62            android:name="androidx.work.impl.background.systemjob.SystemJobService"
62-->[androidx.work:work-runtime:2.8.1] AndroidManifest.xml:47:13-84
63            android:directBootAware="false"
63-->[androidx.work:work-runtime:2.8.1] AndroidManifest.xml:48:13-44
64            android:enabled="@bool/enable_system_job_service_default"
64-->[androidx.work:work-runtime:2.8.1] AndroidManifest.xml:49:13-70
65            android:exported="true"
65-->[androidx.work:work-runtime:2.8.1] AndroidManifest.xml:50:13-36
66            android:permission="android.permission.BIND_JOB_SERVICE" />
66-->[androidx.work:work-runtime:2.8.1] AndroidManifest.xml:51:13-69
67        <service
67-->[androidx.work:work-runtime:2.8.1] AndroidManifest.xml:53:9-59:35
68            android:name="androidx.work.impl.foreground.SystemForegroundService"
68-->[androidx.work:work-runtime:2.8.1] AndroidManifest.xml:54:13-81
69            android:directBootAware="false"
69-->[androidx.work:work-runtime:2.8.1] AndroidManifest.xml:55:13-44
70            android:enabled="@bool/enable_system_foreground_service_default"
70-->[androidx.work:work-runtime:2.8.1] AndroidManifest.xml:56:13-77
71            android:exported="false" />
71-->[androidx.work:work-runtime:2.8.1] AndroidManifest.xml:57:13-37
72
73        <receiver
73-->[androidx.work:work-runtime:2.8.1] AndroidManifest.xml:61:9-66:35
74            android:name="androidx.work.impl.utils.ForceStopRunnable$BroadcastReceiver"
74-->[androidx.work:work-runtime:2.8.1] AndroidManifest.xml:62:13-88
75            android:directBootAware="false"
75-->[androidx.work:work-runtime:2.8.1] AndroidManifest.xml:63:13-44
76            android:enabled="true"
76-->[androidx.work:work-runtime:2.8.1] AndroidManifest.xml:64:13-35
77            android:exported="false" />
77-->[androidx.work:work-runtime:2.8.1] AndroidManifest.xml:65:13-37
78        <receiver
78-->[androidx.work:work-runtime:2.8.1] AndroidManifest.xml:67:9-77:20
79            android:name="androidx.work.impl.background.systemalarm.ConstraintProxy$BatteryChargingProxy"
79-->[androidx.work:work-runtime:2.8.1] AndroidManifest.xml:68:13-106
80            android:directBootAware="false"
80-->[androidx.work:work-runtime:2.8.1] AndroidManifest.xml:69:13-44
81            android:enabled="false"
81-->[androidx.work:work-runtime:2.8.1] AndroidManifest.xml:70:13-36
82            android:exported="false" >
82-->[androidx.work:work-runtime:2.8.1] AndroidManifest.xml:71:13-37
83            <intent-filter>
83-->[androidx.work:work-runtime:2.8.1] AndroidManifest.xml:73:13-76:29
84                <action android:name="android.intent.action.ACTION_POWER_CONNECTED" />
84-->[androidx.work:work-runtime:2.8.1] AndroidManifest.xml:74:17-87
84-->[androidx.work:work-runtime:2.8.1] AndroidManifest.xml:74:25-84
85                <action android:name="android.intent.action.ACTION_POWER_DISCONNECTED" />
85-->[androidx.work:work-runtime:2.8.1] AndroidManifest.xml:75:17-90
85-->[androidx.work:work-runtime:2.8.1] AndroidManifest.xml:75:25-87
86            </intent-filter>
87        </receiver>
88        <receiver
88-->[androidx.work:work-runtime:2.8.1] AndroidManifest.xml:78:9-88:20
89            android:name="androidx.work.impl.background.systemalarm.ConstraintProxy$BatteryNotLowProxy"
89-->[androidx.work:work-runtime:2.8.1] AndroidManifest.xml:79:13-104
90            android:directBootAware="false"
90-->[androidx.work:work-runtime:2.8.1] AndroidManifest.xml:80:13-44
91            android:enabled="false"
91-->[androidx.work:work-runtime:2.8.1] AndroidManifest.xml:81:13-36
92            android:exported="false" >
92-->[androidx.work:work-runtime:2.8.1] AndroidManifest.xml:82:13-37
93            <intent-filter>
93-->[androidx.work:work-runtime:2.8.1] AndroidManifest.xml:84:13-87:29
94                <action android:name="android.intent.action.BATTERY_OKAY" />
94-->[androidx.work:work-runtime:2.8.1] AndroidManifest.xml:85:17-77
94-->[androidx.work:work-runtime:2.8.1] AndroidManifest.xml:85:25-74
95                <action android:name="android.intent.action.BATTERY_LOW" />
95-->[androidx.work:work-runtime:2.8.1] AndroidManifest.xml:86:17-76
95-->[androidx.work:work-runtime:2.8.1] AndroidManifest.xml:86:25-73
96            </intent-filter>
97        </receiver>
98        <receiver
98-->[androidx.work:work-runtime:2.8.1] AndroidManifest.xml:89:9-99:20
99            android:name="androidx.work.impl.background.systemalarm.ConstraintProxy$StorageNotLowProxy"
99-->[androidx.work:work-runtime:2.8.1] AndroidManifest.xml:90:13-104
100            android:directBootAware="false"
100-->[androidx.work:work-runtime:2.8.1] AndroidManifest.xml:91:13-44
101            android:enabled="false"
101-->[androidx.work:work-runtime:2.8.1] AndroidManifest.xml:92:13-36
102            android:exported="false" >
102-->[androidx.work:work-runtime:2.8.1] AndroidManifest.xml:93:13-37
103            <intent-filter>
103-->[androidx.work:work-runtime:2.8.1] AndroidManifest.xml:95:13-98:29
104                <action android:name="android.intent.action.DEVICE_STORAGE_LOW" />
104-->[androidx.work:work-runtime:2.8.1] AndroidManifest.xml:96:17-83
104-->[androidx.work:work-runtime:2.8.1] AndroidManifest.xml:96:25-80
105                <action android:name="android.intent.action.DEVICE_STORAGE_OK" />
105-->[androidx.work:work-runtime:2.8.1] AndroidManifest.xml:97:17-82
105-->[androidx.work:work-runtime:2.8.1] AndroidManifest.xml:97:25-79
106            </intent-filter>
107        </receiver>
108        <receiver
108-->[androidx.work:work-runtime:2.8.1] AndroidManifest.xml:100:9-109:20
109            android:name="androidx.work.impl.background.systemalarm.ConstraintProxy$NetworkStateProxy"
109-->[androidx.work:work-runtime:2.8.1] AndroidManifest.xml:101:13-103
110            android:directBootAware="false"
110-->[androidx.work:work-runtime:2.8.1] AndroidManifest.xml:102:13-44
111            android:enabled="false"
111-->[androidx.work:work-runtime:2.8.1] AndroidManifest.xml:103:13-36
112            android:exported="false" >
112-->[androidx.work:work-runtime:2.8.1] AndroidManifest.xml:104:13-37
113            <intent-filter>
113-->[androidx.work:work-runtime:2.8.1] AndroidManifest.xml:106:13-108:29
114                <action android:name="android.net.conn.CONNECTIVITY_CHANGE" />
114-->[androidx.work:work-runtime:2.8.1] AndroidManifest.xml:107:17-79
114-->[androidx.work:work-runtime:2.8.1] AndroidManifest.xml:107:25-76
115            </intent-filter>
116        </receiver>
117        <receiver
117-->[androidx.work:work-runtime:2.8.1] AndroidManifest.xml:110:9-121:20
118            android:name="androidx.work.impl.background.systemalarm.RescheduleReceiver"
118-->[androidx.work:work-runtime:2.8.1] AndroidManifest.xml:111:13-88
119            android:directBootAware="false"
119-->[androidx.work:work-runtime:2.8.1] AndroidManifest.xml:112:13-44
120            android:enabled="false"
120-->[androidx.work:work-runtime:2.8.1] AndroidManifest.xml:113:13-36
121            android:exported="false" >
121-->[androidx.work:work-runtime:2.8.1] AndroidManifest.xml:114:13-37
122            <intent-filter>
122-->[androidx.work:work-runtime:2.8.1] AndroidManifest.xml:116:13-120:29
123                <action android:name="android.intent.action.BOOT_COMPLETED" />
123-->[androidx.work:work-runtime:2.8.1] AndroidManifest.xml:117:17-79
123-->[androidx.work:work-runtime:2.8.1] AndroidManifest.xml:117:25-76
124                <action android:name="android.intent.action.TIME_SET" />
124-->[androidx.work:work-runtime:2.8.1] AndroidManifest.xml:118:17-73
124-->[androidx.work:work-runtime:2.8.1] AndroidManifest.xml:118:25-70
125                <action android:name="android.intent.action.TIMEZONE_CHANGED" />
125-->[androidx.work:work-runtime:2.8.1] AndroidManifest.xml:119:17-81
125-->[androidx.work:work-runtime:2.8.1] AndroidManifest.xml:119:25-78
126            </intent-filter>
127        </receiver>
128        <receiver
128-->[androidx.work:work-runtime:2.8.1] AndroidManifest.xml:122:9-131:20
129            android:name="androidx.work.impl.background.systemalarm.ConstraintProxyUpdateReceiver"
129-->[androidx.work:work-runtime:2.8.1] AndroidManifest.xml:123:13-99
130            android:directBootAware="false"
130-->[androidx.work:work-runtime:2.8.1] AndroidManifest.xml:124:13-44
131            android:enabled="@bool/enable_system_alarm_service_default"
131-->[androidx.work:work-runtime:2.8.1] AndroidManifest.xml:125:13-72
132            android:exported="false" >
132-->[androidx.work:work-runtime:2.8.1] AndroidManifest.xml:126:13-37
133            <intent-filter>
133-->[androidx.work:work-runtime:2.8.1] AndroidManifest.xml:128:13-130:29
134                <action android:name="androidx.work.impl.background.systemalarm.UpdateProxies" />
134-->[androidx.work:work-runtime:2.8.1] AndroidManifest.xml:129:17-98
134-->[androidx.work:work-runtime:2.8.1] AndroidManifest.xml:129:25-95
135            </intent-filter>
136        </receiver>
137        <receiver
137-->[androidx.work:work-runtime:2.8.1] AndroidManifest.xml:132:9-142:20
138            android:name="androidx.work.impl.diagnostics.DiagnosticsReceiver"
138-->[androidx.work:work-runtime:2.8.1] AndroidManifest.xml:133:13-78
139            android:directBootAware="false"
139-->[androidx.work:work-runtime:2.8.1] AndroidManifest.xml:134:13-44
140            android:enabled="true"
140-->[androidx.work:work-runtime:2.8.1] AndroidManifest.xml:135:13-35
141            android:exported="true"
141-->[androidx.work:work-runtime:2.8.1] AndroidManifest.xml:136:13-36
142            android:permission="android.permission.DUMP" >
142-->[androidx.work:work-runtime:2.8.1] AndroidManifest.xml:137:13-57
143            <intent-filter>
143-->[androidx.work:work-runtime:2.8.1] AndroidManifest.xml:139:13-141:29
144                <action android:name="androidx.work.diagnostics.REQUEST_DIAGNOSTICS" />
144-->[androidx.work:work-runtime:2.8.1] AndroidManifest.xml:140:17-88
144-->[androidx.work:work-runtime:2.8.1] AndroidManifest.xml:140:25-85
145            </intent-filter>
146        </receiver>
147
148        <service
148-->[androidx.room:room-runtime:2.5.0] AndroidManifest.xml:24:9-28:63
149            android:name="androidx.room.MultiInstanceInvalidationService"
149-->[androidx.room:room-runtime:2.5.0] AndroidManifest.xml:25:13-74
150            android:directBootAware="true"
150-->[androidx.room:room-runtime:2.5.0] AndroidManifest.xml:26:13-43
151            android:exported="false" />
151-->[androidx.room:room-runtime:2.5.0] AndroidManifest.xml:27:13-37
152
153        <receiver
153-->[androidx.profileinstaller:profileinstaller:1.4.0] AndroidManifest.xml:34:9-52:20
154            android:name="androidx.profileinstaller.ProfileInstallReceiver"
154-->[androidx.profileinstaller:profileinstaller:1.4.0] AndroidManifest.xml:35:13-76
155            android:directBootAware="false"
155-->[androidx.profileinstaller:profileinstaller:1.4.0] AndroidManifest.xml:36:13-44
156            android:enabled="true"
156-->[androidx.profileinstaller:profileinstaller:1.4.0] AndroidManifest.xml:37:13-35
157            android:exported="true"
157-->[androidx.profileinstaller:profileinstaller:1.4.0] AndroidManifest.xml:38:13-36
158            android:permission="android.permission.DUMP" >
158-->[androidx.profileinstaller:profileinstaller:1.4.0] AndroidManifest.xml:39:13-57
159            <intent-filter>
159-->[androidx.profileinstaller:profileinstaller:1.4.0] AndroidManifest.xml:40:13-42:29
160                <action android:name="androidx.profileinstaller.action.INSTALL_PROFILE" />
160-->[androidx.profileinstaller:profileinstaller:1.4.0] AndroidManifest.xml:41:17-91
160-->[androidx.profileinstaller:profileinstaller:1.4.0] AndroidManifest.xml:41:25-88
161            </intent-filter>
162            <intent-filter>
162-->[androidx.profileinstaller:profileinstaller:1.4.0] AndroidManifest.xml:43:13-45:29
163                <action android:name="androidx.profileinstaller.action.SKIP_FILE" />
163-->[androidx.profileinstaller:profileinstaller:1.4.0] AndroidManifest.xml:44:17-85
163-->[androidx.profileinstaller:profileinstaller:1.4.0] AndroidManifest.xml:44:25-82
164            </intent-filter>
165            <intent-filter>
165-->[androidx.profileinstaller:profileinstaller:1.4.0] AndroidManifest.xml:46:13-48:29
166                <action android:name="androidx.profileinstaller.action.SAVE_PROFILE" />
166-->[androidx.profileinstaller:profileinstaller:1.4.0] AndroidManifest.xml:47:17-88
166-->[androidx.profileinstaller:profileinstaller:1.4.0] AndroidManifest.xml:47:25-85
167            </intent-filter>
168            <intent-filter>
168-->[androidx.profileinstaller:profileinstaller:1.4.0] AndroidManifest.xml:49:13-51:29
169                <action android:name="androidx.profileinstaller.action.BENCHMARK_OPERATION" />
169-->[androidx.profileinstaller:profileinstaller:1.4.0] AndroidManifest.xml:50:17-95
169-->[androidx.profileinstaller:profileinstaller:1.4.0] AndroidManifest.xml:50:25-92
170            </intent-filter>
171        </receiver>
172    </application>
173
174</manifest>